<?xml version="1.0" encoding="UTF-8"?>
<!-- Generated by org.testng.reporters.JUnitReportReporter -->
<testsuite skipped="0" hostname="DESKTOP-52MG27T" name="extentReporting.Simple_Demo" tests="1" failures="0" timestamp="08 May 2020 16:56:14 GMT" time="20.451" errors="0">
  <testcase name="demo" time="20.451" classname="extentReporting.Simple_Demo"/>
</testsuite> <!-- extentReporting.Simple_Demo -->
